Build started 2019/11/6 23:51:45.
     1>Project "D:\VS_PJ\testfmemp\randomstring\randomstring.vcxproj" on node 2 (Build target(s)).
     1>ClCompile:
         D:\VS2013\VC\bin\CL.exe /c /ZI /nologo /W3 /WX- /Od /Oy- /D WIN32 /D _DEBUG /D _CONSOLE /D _LIB /D _UNICODE /D UNICODE /Gm /EHsc /RTC1 /MDd /GS /fp:precise /Zc:wchar_t /Zc:forScope /Fo"Debug\\" /Fd"Debug\vc120.pdb" /Gd /TC /analyze- /errorReport:prompt main.c
         main.c
     1>d:\vs_pj\testfmemp\randomstring\main.c(7): warning C4005: 'CHAR_MIN' : macro redefinition
                 d:\vs2013\vc\include\limits.h(28) : see previous definition of 'CHAR_MIN'
     1>d:\vs_pj\testfmemp\randomstring\main.c(8): warning C4005: 'CHAR_MAX' : macro redefinition
                 d:\vs2013\vc\include\limits.h(29) : see previous definition of 'CHAR_MAX'
     1>d:\vs_pj\testfmemp\randomstring\main.c(16): warning C4013: 'randomint' undefined; assuming extern returning int
     1>d:\vs_pj\testfmemp\randomstring\main.c(21): warning C4098: 'randomstrings' : 'void' function returning a value
     1>d:\vs_pj\testfmemp\randomstring\main.c(173): warning C4047: 'function' : 'char *' differs in levels of indirection from 'char (*)[11]'
     1>d:\vs_pj\testfmemp\randomstring\main.c(173): warning C4024: 'randomstrings' : different types for formal and actual parameter 1
     1>d:\vs_pj\testfmemp\randomstring\main.c(179): warning C4996: 'scanf': This function or variable may be unsafe. Consider using scanf_s instead. To disable deprecation, use _CRT_SECURE_NO_WARNINGS. See online help for details.
                 d:\vs2013\vc\include\stdio.h(283) : see declaration of 'scanf'
       Link:
         D:\VS2013\VC\bin\link.exe /ERRORREPORT:PROMPT /OUT:"D:\VS_PJ\fmemopen_windows\Debug\randomstring.exe" /INCREMENTAL /NOLOGO kernel32.lib user32.lib gdi32.lib winspool.lib comdlg32.lib advapi32.lib shell32.lib ole32.lib oleaut32.lib uuid.lib odbc32.lib odbccp32.lib /MANIFEST /MANIFESTUAC:"level='asInvoker' uiAccess='false'" /manifest:embed /DEBUG /PDB:"D:\VS_PJ\fmemopen_windows\Debug\randomstring.pdb" /SUBSYSTEM:CONSOLE /TLBID:1 /DYNAMICBASE /NXCOMPAT /IMPLIB:"D:\VS_PJ\fmemopen_windows\Debug\randomstring.lib" /MACHINE:X86 Debug\main.obj
         randomstring.vcxproj -> D:\VS_PJ\fmemopen_windows\Debug\randomstring.exe
     1>Done Building Project "D:\VS_PJ\testfmemp\randomstring\randomstring.vcxproj" (Build target(s)).

Build succeeded.

Time Elapsed 00:00:00.45
